  zadatak3.cpp
c:\users\istignedec\documents\visual studio 2015\projects\vjezba2\vjezba2\zadatak3.cpp(30): warning C4838: conversion from 'double' to 'GLfloat' requires a narrowing conversion
c:\users\istignedec\documents\visual studio 2015\projects\vjezba2\vjezba2\zadatak3.cpp(30): warning C4305: 'initializing': truncation from 'double' to 'GLfloat'
c:\users\istignedec\documents\visual studio 2015\projects\vjezba2\vjezba2\zadatak3.cpp(31): warning C4838: conversion from 'double' to 'GLfloat' requires a narrowing conversion
c:\users\istignedec\documents\visual studio 2015\projects\vjezba2\vjezba2\zadatak3.cpp(31): warning C4305: 'initializing': truncation from 'double' to 'GLfloat'
c:\users\istignedec\documents\visual studio 2015\projects\vjezba2\vjezba2\zadatak3.cpp(34): warning C4838: conversion from 'double' to 'GLfloat' requires a narrowing conversion
c:\users\istignedec\documents\visual studio 2015\projects\vjezba2\vjezba2\zadatak3.cpp(34): warning C4305: 'initializing': truncation from 'double' to 'GLfloat'
c:\users\istignedec\documents\visual studio 2015\projects\vjezba2\vjezba2\zadatak3.cpp(35): warning C4838: conversion from 'double' to 'GLfloat' requires a narrowing conversion
c:\users\istignedec\documents\visual studio 2015\projects\vjezba2\vjezba2\zadatak3.cpp(35): warning C4305: 'initializing': truncation from 'double' to 'GLfloat'
c:\users\istignedec\documents\visual studio 2015\projects\vjezba2\vjezba2\zadatak3.cpp(38): warning C4838: conversion from 'double' to 'GLfloat' requires a narrowing conversion
c:\users\istignedec\documents\visual studio 2015\projects\vjezba2\vjezba2\zadatak3.cpp(38): warning C4305: 'initializing': truncation from 'double' to 'GLfloat'
c:\users\istignedec\documents\visual studio 2015\projects\vjezba2\vjezba2\zadatak3.cpp(109): warning C4244: '=': conversion from 'double' to 'float', possible loss of data
c:\users\istignedec\documents\visual studio 2015\projects\vjezba2\vjezba2\zadatak3.cpp(113): warning C4244: '=': conversion from 'double' to 'float', possible loss of data
c:\users\istignedec\documents\visual studio 2015\projects\vjezba2\vjezba2\zadatak3.cpp(114): warning C4244: '=': conversion from 'double' to 'float', possible loss of data
c:\users\istignedec\documents\visual studio 2015\projects\vjezba2\vjezba2\zadatak3.cpp(115): warning C4244: '=': conversion from 'double' to 'float', possible loss of data
c:\users\istignedec\documents\visual studio 2015\projects\vjezba2\vjezba2\zadatak3.cpp(117): warning C4244: '=': conversion from 'double' to 'float', possible loss of data
c:\users\istignedec\documents\visual studio 2015\projects\vjezba2\vjezba2\zadatak3.cpp(118): warning C4244: '=': conversion from 'double' to 'float', possible loss of data
c:\users\istignedec\documents\visual studio 2015\projects\vjezba2\vjezba2\zadatak3.cpp(119): warning C4244: '=': conversion from 'double' to 'float', possible loss of data
c:\users\istignedec\documents\visual studio 2015\projects\vjezba2\vjezba2\zadatak3.cpp(124): warning C4244: '=': conversion from 'double' to 'float', possible loss of data
c:\users\istignedec\documents\visual studio 2015\projects\vjezba2\vjezba2\zadatak3.cpp(125): warning C4244: '=': conversion from 'double' to 'float', possible loss of data
c:\users\istignedec\documents\visual studio 2015\projects\vjezba2\vjezba2\zadatak3.cpp(126): warning C4244: '=': conversion from 'double' to 'float', possible loss of data
c:\users\istignedec\documents\visual studio 2015\projects\vjezba2\vjezba2\zadatak3.cpp(128): warning C4244: '=': conversion from 'double' to 'float', possible loss of data
c:\users\istignedec\documents\visual studio 2015\projects\vjezba2\vjezba2\zadatak3.cpp(129): warning C4244: '=': conversion from 'double' to 'float', possible loss of data
c:\users\istignedec\documents\visual studio 2015\projects\vjezba2\vjezba2\zadatak3.cpp(130): warning C4244: '=': conversion from 'double' to 'float', possible loss of data
c:\users\istignedec\documents\visual studio 2015\projects\vjezba2\vjezba2\zadatak3.cpp(180): warning C4305: 'argument': truncation from 'double' to 'float'
c:\users\istignedec\documents\visual studio 2015\projects\vjezba2\vjezba2\zadatak3.cpp(191): warning C4305: 'argument': truncation from 'double' to 'float'
c:\users\istignedec\documents\visual studio 2015\projects\vjezba2\vjezba2\zadatak3.cpp(201): warning C4305: 'argument': truncation from 'double' to 'float'
c:\users\istignedec\documents\visual studio 2015\projects\vjezba2\vjezba2\zadatak3.cpp(217): warning C4244: 'return': conversion from '__time64_t' to 'long', possible loss of data
  vjezba2.vcxproj -> C:\Users\istignedec\documents\visual studio 2015\Projects\vjezba2\Debug\vjezba2.exe
